2025-02-26 13:09:31 - HTTP Request: GET https://qytgefszqmwozndjjude.supabase.co/rest/v1/organization?select=%2A&flag=eq.1 "HTTP/2 200 OK"
2025-02-26 13:09:31 - Flag is 1 for Organization ID: 1, Name: Org A. Triggering another job...
2025-02-26 13:09:31 - Job triggered for Organization ID: 1, Name: Org A
2025-02-26 13:09:31 - Flag is 1 for Organization ID: 3, Name: Org C. Triggering another job...
2025-02-26 13:09:31 - Job triggered for Organization ID: 3, Name: Org C
2025-02-26 13:09:31 - Flag is 1 for Organization ID: 5, Name: Org E. Triggering another job...
2025-02-26 13:09:31 - Job triggered for Organization ID: 5, Name: Org E
2025-02-26 13:09:31 - Flag is 1 for Organization ID: 7, Name: Org G. Triggering another job...
2025-02-26 13:09:31 - Job triggered for Organization ID: 7, Name: Org G
2025-02-26 13:09:31 - Flag is 1 for Organization ID: 9, Name: Org I. Triggering another job...
2025-02-26 13:09:31 - Job triggered for Organization ID: 9, Name: Org I
2025-02-26 13:09:31 - Flag is 1 for Organization ID: 11, Name: Org K. Triggering another job...
2025-02-26 13:09:31 - Job triggered for Organization ID: 11, Name: Org K
2025-02-26 13:09:31 - Flag is 1 for Organization ID: 13, Name: Org M. Triggering another job...
2025-02-26 13:09:31 - Job triggered for Organization ID: 13, Name: Org M
2025-02-26 13:09:31 - Flag is 1 for Organization ID: 15, Name: Org O. Triggering another job...
2025-02-26 13:09:31 - Job triggered for Organization ID: 15, Name: Org O
2025-02-26 13:09:31 - Flag is 1 for Organization ID: 17, Name: Org Q. Triggering another job...
2025-02-26 13:09:31 - Job triggered for Organization ID: 17, Name: Org Q
2025-02-26 13:09:31 - Flag is 1 for Organization ID: 19, Name: Org S. Triggering another job...
2025-02-26 13:09:31 - Job triggered for Organization ID: 19, Name: Org S
2025-02-26 13:09:36 - HTTP Request: GET https://qytgefszqmwozndjjude.supabase.co/rest/v1/organization?select=%2A&flag=eq.1 "HTTP/2 200 OK"
2025-02-26 13:09:36 - Flag is 1 for Organization ID: 1, Name: Org A. Triggering another job...
2025-02-26 13:09:36 - Job triggered for Organization ID: 1, Name: Org A
2025-02-26 13:09:36 - Flag is 1 for Organization ID: 3, Name: Org C. Triggering another job...
2025-02-26 13:09:36 - Job triggered for Organization ID: 3, Name: Org C
2025-02-26 13:09:36 - Flag is 1 for Organization ID: 5, Name: Org E. Triggering another job...
2025-02-26 13:09:36 - Job triggered for Organization ID: 5, Name: Org E
2025-02-26 13:09:36 - Flag is 1 for Organization ID: 7, Name: Org G. Triggering another job...
2025-02-26 13:09:36 - Job triggered for Organization ID: 7, Name: Org G
2025-02-26 13:09:36 - Flag is 1 for Organization ID: 9, Name: Org I. Triggering another job...
2025-02-26 13:09:36 - Job triggered for Organization ID: 9, Name: Org I
2025-02-26 13:09:36 - Flag is 1 for Organization ID: 11, Name: Org K. Triggering another job...
2025-02-26 13:09:36 - Job triggered for Organization ID: 11, Name: Org K
2025-02-26 13:09:36 - Flag is 1 for Organization ID: 13, Name: Org M. Triggering another job...
2025-02-26 13:09:36 - Job triggered for Organization ID: 13, Name: Org M
2025-02-26 13:09:36 - Flag is 1 for Organization ID: 15, Name: Org O. Triggering another job...
2025-02-26 13:09:36 - Job triggered for Organization ID: 15, Name: Org O
2025-02-26 13:09:36 - Flag is 1 for Organization ID: 17, Name: Org Q. Triggering another job...
2025-02-26 13:09:36 - Job triggered for Organization ID: 17, Name: Org Q
2025-02-26 13:09:36 - Flag is 1 for Organization ID: 19, Name: Org S. Triggering another job...
2025-02-26 13:09:36 - Job triggered for Organization ID: 19, Name: Org S
2025-02-26 13:09:41 - HTTP Request: GET https://qytgefszqmwozndjjude.supabase.co/rest/v1/organization?select=%2A&flag=eq.1 "HTTP/2 200 OK"
2025-02-26 13:09:41 - Flag is 1 for Organization ID: 1, Name: Org A. Triggering another job...
2025-02-26 13:09:41 - Job triggered for Organization ID: 1, Name: Org A
2025-02-26 13:09:41 - Flag is 1 for Organization ID: 3, Name: Org C. Triggering another job...
2025-02-26 13:09:41 - Job triggered for Organization ID: 3, Name: Org C
2025-02-26 13:09:41 - Flag is 1 for Organization ID: 5, Name: Org E. Triggering another job...
2025-02-26 13:09:41 - Job triggered for Organization ID: 5, Name: Org E
2025-02-26 13:09:41 - Flag is 1 for Organization ID: 7, Name: Org G. Triggering another job...
2025-02-26 13:09:41 - Job triggered for Organization ID: 7, Name: Org G
2025-02-26 13:09:41 - Flag is 1 for Organization ID: 9, Name: Org I. Triggering another job...
2025-02-26 13:09:41 - Job triggered for Organization ID: 9, Name: Org I
2025-02-26 13:09:41 - Flag is 1 for Organization ID: 11, Name: Org K. Triggering another job...
2025-02-26 13:09:41 - Job triggered for Organization ID: 11, Name: Org K
2025-02-26 13:09:41 - Flag is 1 for Organization ID: 13, Name: Org M. Triggering another job...
2025-02-26 13:09:41 - Job triggered for Organization ID: 13, Name: Org M
2025-02-26 13:09:41 - Flag is 1 for Organization ID: 15, Name: Org O. Triggering another job...
2025-02-26 13:09:41 - Job triggered for Organization ID: 15, Name: Org O
2025-02-26 13:09:41 - Flag is 1 for Organization ID: 17, Name: Org Q. Triggering another job...
2025-02-26 13:09:41 - Job triggered for Organization ID: 17, Name: Org Q
2025-02-26 13:09:41 - Flag is 1 for Organization ID: 19, Name: Org S. Triggering another job...
2025-02-26 13:09:41 - Job triggered for Organization ID: 19, Name: Org S
2025-02-26 13:09:46 - HTTP Request: GET https://qytgefszqmwozndjjude.supabase.co/rest/v1/organization?select=%2A&flag=eq.1 "HTTP/2 200 OK"
2025-02-26 13:09:46 - Flag is 1 for Organization ID: 1, Name: Org A. Triggering another job...
2025-02-26 13:09:46 - Job triggered for Organization ID: 1, Name: Org A
2025-02-26 13:09:46 - Flag is 1 for Organization ID: 3, Name: Org C. Triggering another job...
2025-02-26 13:09:46 - Job triggered for Organization ID: 3, Name: Org C
2025-02-26 13:09:46 - Flag is 1 for Organization ID: 5, Name: Org E. Triggering another job...
2025-02-26 13:09:46 - Job triggered for Organization ID: 5, Name: Org E
2025-02-26 13:09:46 - Flag is 1 for Organization ID: 7, Name: Org G. Triggering another job...
2025-02-26 13:09:46 - Job triggered for Organization ID: 7, Name: Org G
2025-02-26 13:09:46 - Flag is 1 for Organization ID: 9, Name: Org I. Triggering another job...
2025-02-26 13:09:46 - Job triggered for Organization ID: 9, Name: Org I
2025-02-26 13:09:46 - Flag is 1 for Organization ID: 11, Name: Org K. Triggering another job...
2025-02-26 13:09:46 - Job triggered for Organization ID: 11, Name: Org K
2025-02-26 13:09:46 - Flag is 1 for Organization ID: 13, Name: Org M. Triggering another job...
2025-02-26 13:09:46 - Job triggered for Organization ID: 13, Name: Org M
2025-02-26 13:09:46 - Flag is 1 for Organization ID: 15, Name: Org O. Triggering another job...
2025-02-26 13:09:46 - Job triggered for Organization ID: 15, Name: Org O
2025-02-26 13:09:46 - Flag is 1 for Organization ID: 17, Name: Org Q. Triggering another job...
2025-02-26 13:09:46 - Job triggered for Organization ID: 17, Name: Org Q
2025-02-26 13:09:46 - Flag is 1 for Organization ID: 19, Name: Org S. Triggering another job...
2025-02-26 13:09:46 - Job triggered for Organization ID: 19, Name: Org S
2025-02-26 13:09:52 - HTTP Request: GET https://qytgefszqmwozndjjude.supabase.co/rest/v1/organization?select=%2A&flag=eq.1 "HTTP/2 200 OK"
2025-02-26 13:09:52 - Flag is 1 for Organization ID: 1, Name: Org A. Triggering another job...
2025-02-26 13:09:52 - Job triggered for Organization ID: 1, Name: Org A
2025-02-26 13:09:52 - Flag is 1 for Organization ID: 3, Name: Org C. Triggering another job...
2025-02-26 13:09:52 - Job triggered for Organization ID: 3, Name: Org C
2025-02-26 13:09:52 - Flag is 1 for Organization ID: 5, Name: Org E. Triggering another job...
2025-02-26 13:09:52 - Job triggered for Organization ID: 5, Name: Org E
2025-02-26 13:09:52 - Flag is 1 for Organization ID: 7, Name: Org G. Triggering another job...
2025-02-26 13:09:52 - Job triggered for Organization ID: 7, Name: Org G
2025-02-26 13:09:52 - Flag is 1 for Organization ID: 9, Name: Org I. Triggering another job...
2025-02-26 13:09:52 - Job triggered for Organization ID: 9, Name: Org I
2025-02-26 13:09:52 - Flag is 1 for Organization ID: 11, Name: Org K. Triggering another job...
2025-02-26 13:09:52 - Job triggered for Organization ID: 11, Name: Org K
2025-02-26 13:09:52 - Flag is 1 for Organization ID: 13, Name: Org M. Triggering another job...
2025-02-26 13:09:52 - Job triggered for Organization ID: 13, Name: Org M
2025-02-26 13:09:52 - Flag is 1 for Organization ID: 15, Name: Org O. Triggering another job...
2025-02-26 13:09:52 - Job triggered for Organization ID: 15, Name: Org O
2025-02-26 13:09:52 - Flag is 1 for Organization ID: 17, Name: Org Q. Triggering another job...
2025-02-26 13:09:52 - Job triggered for Organization ID: 17, Name: Org Q
2025-02-26 13:09:52 - Flag is 1 for Organization ID: 19, Name: Org S. Triggering another job...
2025-02-26 13:09:52 - Job triggered for Organization ID: 19, Name: Org S
2025-02-26 13:09:57 - HTTP Request: GET https://qytgefszqmwozndjjude.supabase.co/rest/v1/organization?select=%2A&flag=eq.1 "HTTP/2 200 OK"
2025-02-26 13:09:57 - Flag is 1 for Organization ID: 1, Name: Org A. Triggering another job...
2025-02-26 13:09:57 - Job triggered for Organization ID: 1, Name: Org A
2025-02-26 13:09:57 - Flag is 1 for Organization ID: 3, Name: Org C. Triggering another job...
2025-02-26 13:09:57 - Job triggered for Organization ID: 3, Name: Org C
2025-02-26 13:09:57 - Flag is 1 for Organization ID: 5, Name: Org E. Triggering another job...
2025-02-26 13:09:57 - Job triggered for Organization ID: 5, Name: Org E
2025-02-26 13:09:57 - Flag is 1 for Organization ID: 7, Name: Org G. Triggering another job...
2025-02-26 13:09:57 - Job triggered for Organization ID: 7, Name: Org G
2025-02-26 13:09:57 - Flag is 1 for Organization ID: 9, Name: Org I. Triggering another job...
2025-02-26 13:09:57 - Job triggered for Organization ID: 9, Name: Org I
2025-02-26 13:09:57 - Flag is 1 for Organization ID: 11, Name: Org K. Triggering another job...
2025-02-26 13:09:57 - Job triggered for Organization ID: 11, Name: Org K
2025-02-26 13:09:57 - Flag is 1 for Organization ID: 13, Name: Org M. Triggering another job...
2025-02-26 13:09:57 - Job triggered for Organization ID: 13, Name: Org M
2025-02-26 13:09:57 - Flag is 1 for Organization ID: 15, Name: Org O. Triggering another job...
2025-02-26 13:09:57 - Job triggered for Organization ID: 15, Name: Org O
2025-02-26 13:09:57 - Flag is 1 for Organization ID: 17, Name: Org Q. Triggering another job...
2025-02-26 13:09:57 - Job triggered for Organization ID: 17, Name: Org Q
2025-02-26 13:09:57 - Flag is 1 for Organization ID: 19, Name: Org S. Triggering another job...
2025-02-26 13:09:57 - Job triggered for Organization ID: 19, Name: Org S
2025-02-26 13:10:02 - HTTP Request: GET https://qytgefszqmwozndjjude.supabase.co/rest/v1/organization?select=%2A&flag=eq.1 "HTTP/2 200 OK"
2025-02-26 13:10:02 - Flag is 1 for Organization ID: 1, Name: Org A. Triggering another job...
2025-02-26 13:10:02 - Job triggered for Organization ID: 1, Name: Org A
2025-02-26 13:10:02 - Flag is 1 for Organization ID: 3, Name: Org C. Triggering another job...
2025-02-26 13:10:02 - Job triggered for Organization ID: 3, Name: Org C
2025-02-26 13:10:02 - Flag is 1 for Organization ID: 5, Name: Org E. Triggering another job...
2025-02-26 13:10:02 - Job triggered for Organization ID: 5, Name: Org E
2025-02-26 13:10:02 - Flag is 1 for Organization ID: 7, Name: Org G. Triggering another job...
2025-02-26 13:10:02 - Job triggered for Organization ID: 7, Name: Org G
2025-02-26 13:10:02 - Flag is 1 for Organization ID: 9, Name: Org I. Triggering another job...
2025-02-26 13:10:02 - Job triggered for Organization ID: 9, Name: Org I
2025-02-26 13:10:02 - Flag is 1 for Organization ID: 11, Name: Org K. Triggering another job...
2025-02-26 13:10:02 - Job triggered for Organization ID: 11, Name: Org K
2025-02-26 13:10:02 - Flag is 1 for Organization ID: 13, Name: Org M. Triggering another job...
2025-02-26 13:10:02 - Job triggered for Organization ID: 13, Name: Org M
2025-02-26 13:10:02 - Flag is 1 for Organization ID: 15, Name: Org O. Triggering another job...
2025-02-26 13:10:02 - Job triggered for Organization ID: 15, Name: Org O
2025-02-26 13:10:02 - Flag is 1 for Organization ID: 17, Name: Org Q. Triggering another job...
2025-02-26 13:10:02 - Job triggered for Organization ID: 17, Name: Org Q
2025-02-26 13:10:02 - Flag is 1 for Organization ID: 19, Name: Org S. Triggering another job...
2025-02-26 13:10:02 - Job triggered for Organization ID: 19, Name: Org S
2025-02-26 13:10:07 - HTTP Request: GET https://qytgefszqmwozndjjude.supabase.co/rest/v1/organization?select=%2A&flag=eq.1 "HTTP/2 200 OK"
2025-02-26 13:10:07 - Flag is 1 for Organization ID: 1, Name: Org A. Triggering another job...
2025-02-26 13:10:07 - Job triggered for Organization ID: 1, Name: Org A
2025-02-26 13:10:07 - Flag is 1 for Organization ID: 3, Name: Org C. Triggering another job...
2025-02-26 13:10:07 - Job triggered for Organization ID: 3, Name: Org C
2025-02-26 13:10:07 - Flag is 1 for Organization ID: 5, Name: Org E. Triggering another job...
2025-02-26 13:10:07 - Job triggered for Organization ID: 5, Name: Org E
2025-02-26 13:10:07 - Flag is 1 for Organization ID: 7, Name: Org G. Triggering another job...
2025-02-26 13:10:07 - Job triggered for Organization ID: 7, Name: Org G
2025-02-26 13:10:07 - Flag is 1 for Organization ID: 9, Name: Org I. Triggering another job...
2025-02-26 13:10:07 - Job triggered for Organization ID: 9, Name: Org I
2025-02-26 13:10:07 - Flag is 1 for Organization ID: 11, Name: Org K. Triggering another job...
2025-02-26 13:10:07 - Job triggered for Organization ID: 11, Name: Org K
2025-02-26 13:10:07 - Flag is 1 for Organization ID: 13, Name: Org M. Triggering another job...
2025-02-26 13:10:07 - Job triggered for Organization ID: 13, Name: Org M
2025-02-26 13:10:07 - Flag is 1 for Organization ID: 15, Name: Org O. Triggering another job...
2025-02-26 13:10:07 - Job triggered for Organization ID: 15, Name: Org O
2025-02-26 13:10:07 - Flag is 1 for Organization ID: 17, Name: Org Q. Triggering another job...
2025-02-26 13:10:07 - Job triggered for Organization ID: 17, Name: Org Q
2025-02-26 13:10:07 - Flag is 1 for Organization ID: 19, Name: Org S. Triggering another job...
2025-02-26 13:10:07 - Job triggered for Organization ID: 19, Name: Org S
2025-02-26 13:10:12 - HTTP Request: GET https://qytgefszqmwozndjjude.supabase.co/rest/v1/organization?select=%2A&flag=eq.1 "HTTP/2 200 OK"
2025-02-26 13:10:12 - Flag is 1 for Organization ID: 1, Name: Org A. Triggering another job...
2025-02-26 13:10:12 - Job triggered for Organization ID: 1, Name: Org A
2025-02-26 13:10:12 - Flag is 1 for Organization ID: 3, Name: Org C. Triggering another job...
2025-02-26 13:10:12 - Job triggered for Organization ID: 3, Name: Org C
2025-02-26 13:10:12 - Flag is 1 for Organization ID: 5, Name: Org E. Triggering another job...
2025-02-26 13:10:12 - Job triggered for Organization ID: 5, Name: Org E
2025-02-26 13:10:12 - Flag is 1 for Organization ID: 7, Name: Org G. Triggering another job...
2025-02-26 13:10:12 - Job triggered for Organization ID: 7, Name: Org G
2025-02-26 13:10:12 - Flag is 1 for Organization ID: 9, Name: Org I. Triggering another job...
2025-02-26 13:10:12 - Job triggered for Organization ID: 9, Name: Org I
2025-02-26 13:10:12 - Flag is 1 for Organization ID: 11, Name: Org K. Triggering another job...
2025-02-26 13:10:12 - Job triggered for Organization ID: 11, Name: Org K
2025-02-26 13:10:12 - Flag is 1 for Organization ID: 13, Name: Org M. Triggering another job...
2025-02-26 13:10:12 - Job triggered for Organization ID: 13, Name: Org M
2025-02-26 13:10:12 - Flag is 1 for Organization ID: 15, Name: Org O. Triggering another job...
2025-02-26 13:10:12 - Job triggered for Organization ID: 15, Name: Org O
2025-02-26 13:10:12 - Flag is 1 for Organization ID: 17, Name: Org Q. Triggering another job...
2025-02-26 13:10:12 - Job triggered for Organization ID: 17, Name: Org Q
2025-02-26 13:10:12 - Flag is 1 for Organization ID: 19, Name: Org S. Triggering another job...
2025-02-26 13:10:12 - Job triggered for Organization ID: 19, Name: Org S
2025-02-26 13:10:17 - HTTP Request: GET https://qytgefszqmwozndjjude.supabase.co/rest/v1/organization?select=%2A&flag=eq.1 "HTTP/2 200 OK"
2025-02-26 13:10:17 - Flag is 1 for Organization ID: 1, Name: Org A. Triggering another job...
2025-02-26 13:10:17 - Job triggered for Organization ID: 1, Name: Org A
2025-02-26 13:10:17 - Flag is 1 for Organization ID: 3, Name: Org C. Triggering another job...
2025-02-26 13:10:17 - Job triggered for Organization ID: 3, Name: Org C
2025-02-26 13:10:17 - Flag is 1 for Organization ID: 5, Name: Org E. Triggering another job...
2025-02-26 13:10:17 - Job triggered for Organization ID: 5, Name: Org E
2025-02-26 13:10:17 - Flag is 1 for Organization ID: 7, Name: Org G. Triggering another job...
2025-02-26 13:10:17 - Job triggered for Organization ID: 7, Name: Org G
2025-02-26 13:10:17 - Flag is 1 for Organization ID: 9, Name: Org I. Triggering another job...
2025-02-26 13:10:17 - Job triggered for Organization ID: 9, Name: Org I
2025-02-26 13:10:17 - Flag is 1 for Organization ID: 11, Name: Org K. Triggering another job...
2025-02-26 13:10:17 - Job triggered for Organization ID: 11, Name: Org K
2025-02-26 13:10:17 - Flag is 1 for Organization ID: 13, Name: Org M. Triggering another job...
2025-02-26 13:10:17 - Job triggered for Organization ID: 13, Name: Org M
2025-02-26 13:10:17 - Flag is 1 for Organization ID: 15, Name: Org O. Triggering another job...
2025-02-26 13:10:17 - Job triggered for Organization ID: 15, Name: Org O
2025-02-26 13:10:17 - Flag is 1 for Organization ID: 17, Name: Org Q. Triggering another job...
2025-02-26 13:10:17 - Job triggered for Organization ID: 17, Name: Org Q
2025-02-26 13:10:17 - Flag is 1 for Organization ID: 19, Name: Org S. Triggering another job...
2025-02-26 13:10:17 - Job triggered for Organization ID: 19, Name: Org S
2025-02-26 13:10:23 - HTTP Request: GET https://qytgefszqmwozndjjude.supabase.co/rest/v1/organization?select=%2A&flag=eq.1 "HTTP/2 200 OK"
2025-02-26 13:10:23 - Flag is 1 for Organization ID: 1, Name: Org A. Triggering another job...
2025-02-26 13:10:23 - Job triggered for Organization ID: 1, Name: Org A
2025-02-26 13:10:23 - Flag is 1 for Organization ID: 3, Name: Org C. Triggering another job...
2025-02-26 13:10:23 - Job triggered for Organization ID: 3, Name: Org C
2025-02-26 13:10:23 - Flag is 1 for Organization ID: 5, Name: Org E. Triggering another job...
2025-02-26 13:10:23 - Job triggered for Organization ID: 5, Name: Org E
2025-02-26 13:10:23 - Flag is 1 for Organization ID: 7, Name: Org G. Triggering another job...
2025-02-26 13:10:23 - Job triggered for Organization ID: 7, Name: Org G
2025-02-26 13:10:23 - Flag is 1 for Organization ID: 9, Name: Org I. Triggering another job...
2025-02-26 13:10:23 - Job triggered for Organization ID: 9, Name: Org I
2025-02-26 13:10:23 - Flag is 1 for Organization ID: 11, Name: Org K. Triggering another job...
2025-02-26 13:10:23 - Job triggered for Organization ID: 11, Name: Org K
2025-02-26 13:10:23 - Flag is 1 for Organization ID: 13, Name: Org M. Triggering another job...
2025-02-26 13:10:23 - Job triggered for Organization ID: 13, Name: Org M
2025-02-26 13:10:23 - Flag is 1 for Organization ID: 15, Name: Org O. Triggering another job...
2025-02-26 13:10:23 - Job triggered for Organization ID: 15, Name: Org O
2025-02-26 13:10:23 - Flag is 1 for Organization ID: 17, Name: Org Q. Triggering another job...
2025-02-26 13:10:23 - Job triggered for Organization ID: 17, Name: Org Q
2025-02-26 13:10:23 - Flag is 1 for Organization ID: 19, Name: Org S. Triggering another job...
2025-02-26 13:10:23 - Job triggered for Organization ID: 19, Name: Org S
2025-02-26 13:10:28 - HTTP Request: GET https://qytgefszqmwozndjjude.supabase.co/rest/v1/organization?select=%2A&flag=eq.1 "HTTP/2 200 OK"
2025-02-26 13:10:28 - Flag is 1 for Organization ID: 1, Name: Org A. Triggering another job...
2025-02-26 13:10:28 - Job triggered for Organization ID: 1, Name: Org A
2025-02-26 13:10:28 - Flag is 1 for Organization ID: 3, Name: Org C. Triggering another job...
2025-02-26 13:10:28 - Job triggered for Organization ID: 3, Name: Org C
2025-02-26 13:10:28 - Flag is 1 for Organization ID: 5, Name: Org E. Triggering another job...
2025-02-26 13:10:28 - Job triggered for Organization ID: 5, Name: Org E
2025-02-26 13:10:28 - Flag is 1 for Organization ID: 7, Name: Org G. Triggering another job...
2025-02-26 13:10:28 - Job triggered for Organization ID: 7, Name: Org G
2025-02-26 13:10:28 - Flag is 1 for Organization ID: 9, Name: Org I. Triggering another job...
2025-02-26 13:10:28 - Job triggered for Organization ID: 9, Name: Org I
2025-02-26 13:10:28 - Flag is 1 for Organization ID: 11, Name: Org K. Triggering another job...
2025-02-26 13:10:28 - Job triggered for Organization ID: 11, Name: Org K
2025-02-26 13:10:28 - Flag is 1 for Organization ID: 13, Name: Org M. Triggering another job...
2025-02-26 13:10:28 - Job triggered for Organization ID: 13, Name: Org M
2025-02-26 13:10:28 - Flag is 1 for Organization ID: 15, Name: Org O. Triggering another job...
2025-02-26 13:10:28 - Job triggered for Organization ID: 15, Name: Org O
2025-02-26 13:10:28 - Flag is 1 for Organization ID: 17, Name: Org Q. Triggering another job...
2025-02-26 13:10:28 - Job triggered for Organization ID: 17, Name: Org Q
2025-02-26 13:10:28 - Flag is 1 for Organization ID: 19, Name: Org S. Triggering another job...
2025-02-26 13:10:28 - Job triggered for Organization ID: 19, Name: Org S
2025-02-26 13:10:33 - HTTP Request: GET https://qytgefszqmwozndjjude.supabase.co/rest/v1/organization?select=%2A&flag=eq.1 "HTTP/2 200 OK"
2025-02-26 13:10:33 - Flag is 1 for Organization ID: 1, Name: Org A. Triggering another job...
2025-02-26 13:10:33 - Job triggered for Organization ID: 1, Name: Org A
2025-02-26 13:10:33 - Flag is 1 for Organization ID: 3, Name: Org C. Triggering another job...
2025-02-26 13:10:33 - Job triggered for Organization ID: 3, Name: Org C
2025-02-26 13:10:33 - Flag is 1 for Organization ID: 5, Name: Org E. Triggering another job...
2025-02-26 13:10:33 - Job triggered for Organization ID: 5, Name: Org E
2025-02-26 13:10:33 - Flag is 1 for Organization ID: 7, Name: Org G. Triggering another job...
2025-02-26 13:10:33 - Job triggered for Organization ID: 7, Name: Org G
2025-02-26 13:10:33 - Flag is 1 for Organization ID: 9, Name: Org I. Triggering another job...
2025-02-26 13:10:33 - Job triggered for Organization ID: 9, Name: Org I
2025-02-26 13:10:33 - Flag is 1 for Organization ID: 11, Name: Org K. Triggering another job...
2025-02-26 13:10:33 - Job triggered for Organization ID: 11, Name: Org K
2025-02-26 13:10:33 - Flag is 1 for Organization ID: 13, Name: Org M. Triggering another job...
2025-02-26 13:10:33 - Job triggered for Organization ID: 13, Name: Org M
2025-02-26 13:10:33 - Flag is 1 for Organization ID: 15, Name: Org O. Triggering another job...
2025-02-26 13:10:33 - Job triggered for Organization ID: 15, Name: Org O
2025-02-26 13:10:33 - Flag is 1 for Organization ID: 17, Name: Org Q. Triggering another job...
2025-02-26 13:10:33 - Job triggered for Organization ID: 17, Name: Org Q
2025-02-26 13:10:33 - Flag is 1 for Organization ID: 19, Name: Org S. Triggering another job...
2025-02-26 13:10:33 - Job triggered for Organization ID: 19, Name: Org S
2025-02-26 13:10:38 - HTTP Request: GET https://qytgefszqmwozndjjude.supabase.co/rest/v1/organization?select=%2A&flag=eq.1 "HTTP/2 200 OK"
2025-02-26 13:10:38 - Flag is 1 for Organization ID: 1, Name: Org A. Triggering another job...
2025-02-26 13:10:38 - Job triggered for Organization ID: 1, Name: Org A
2025-02-26 13:10:38 - Flag is 1 for Organization ID: 3, Name: Org C. Triggering another job...
2025-02-26 13:10:38 - Job triggered for Organization ID: 3, Name: Org C
2025-02-26 13:10:38 - Flag is 1 for Organization ID: 5, Name: Org E. Triggering another job...
2025-02-26 13:10:38 - Job triggered for Organization ID: 5, Name: Org E
2025-02-26 13:10:38 - Flag is 1 for Organization ID: 7, Name: Org G. Triggering another job...
2025-02-26 13:10:38 - Job triggered for Organization ID: 7, Name: Org G
2025-02-26 13:10:38 - Flag is 1 for Organization ID: 9, Name: Org I. Triggering another job...
2025-02-26 13:10:38 - Job triggered for Organization ID: 9, Name: Org I
2025-02-26 13:10:38 - Flag is 1 for Organization ID: 11, Name: Org K. Triggering another job...
2025-02-26 13:10:38 - Job triggered for Organization ID: 11, Name: Org K
2025-02-26 13:10:38 - Flag is 1 for Organization ID: 13, Name: Org M. Triggering another job...
2025-02-26 13:10:38 - Job triggered for Organization ID: 13, Name: Org M
2025-02-26 13:10:38 - Flag is 1 for Organization ID: 15, Name: Org O. Triggering another job...
2025-02-26 13:10:38 - Job triggered for Organization ID: 15, Name: Org O
2025-02-26 13:10:38 - Flag is 1 for Organization ID: 17, Name: Org Q. Triggering another job...
2025-02-26 13:10:38 - Job triggered for Organization ID: 17, Name: Org Q
2025-02-26 13:10:38 - Flag is 1 for Organization ID: 19, Name: Org S. Triggering another job...
2025-02-26 13:10:38 - Job triggered for Organization ID: 19, Name: Org S
